app/build/intermediates/manifest_merge_blame_file/release/manifest-merger-blame-release-report.txt
1<?xml version="1.0" encoding="utf-8"?>
2<manifest xmlns:android="http://schemas.android.com/apk/res/android"
3    package="com.livewallk.livewallpapersfork"
4    android:versionCode="1"
5    android:versionName="1.0" >
6
7    <uses-sdk
8        android:minSdkVersion="22"
8-->src/main/AndroidManifest.xml
9        android:targetSdkVersion="32" />
9-->src/main/AndroidManifest.xml
10
11    <uses-permission android:name="android.permission.SET_WALLPAPER" />
11-->src/main/AndroidManifest.xml:5:5-72
11-->src/main/AndroidManifest.xml:5:22-69
12    <uses-permission android:name="android.permission.INTERNET" />
12-->src/main/AndroidManifest.xml:6:5-67
12-->src/main/AndroidManifest.xml:6:22-64
13    <uses-permission android:name="android.permission.WRITE_EXTERNAL_STORAGE" />
13-->src/main/AndroidManifest.xml:7:5-81
13-->src/main/AndroidManifest.xml:7:22-78
14    <uses-permission android:name="android.permission.READ_EXTERNAL_STORAGE" />
14-->src/main/AndroidManifest.xml:8:5-80
14-->src/main/AndroidManifest.xml:8:22-77
15    <uses-permission android:name="android.permission.ACCESS_NETWORK_STATE" /> <!-- Permissions required by Open Measurement SDK -->
15-->[com.applovin:applovin-sdk:11.0.0] AndroidManifest.xml:12:5-79
15-->[com.applovin:applovin-sdk:11.0.0] AndroidManifest.xml:12:22-76
16    <uses-permission android:name="android.permission.ACCESS_WIFI_STATE" /> <!-- Include required permissions for Advertising Id -->
16-->[com.applovin:applovin-sdk:11.0.0] AndroidManifest.xml:15:5-76
16-->[com.applovin:applovin-sdk:11.0.0] AndroidManifest.xml:15:22-73
17    <uses-permission android:name="com.google.android.gms.permission.AD_ID" />
17-->[com.google.android.gms:play-services-ads-identifier:17.1.0] AndroidManifest.xml:23:5-79
17-->[com.google.android.gms:play-services-ads-identifier:17.1.0] AndroidManifest.xml:23:22-76
18
19    <application
19-->src/main/AndroidManifest.xml:11:5-44:19
20        android:name="com.livewallk.livewallpapersfork.LiveWallForKApplication"
20-->src/main/AndroidManifest.xml:12:9-48
21        android:allowBackup="true"
21-->src/main/AndroidManifest.xml:13:9-35
22        android:appComponentFactory="androidx.core.app.CoreComponentFactory"
22-->[androidx.core:core:1.8.0] AndroidManifest.xml:24:18-86
23        android:hardwareAccelerated="true"
23-->src/main/AndroidManifest.xml:15:9-43
24        android:icon="@mipmap/ic_launcher"
24-->src/main/AndroidManifest.xml:14:9-43
25        android:label="@string/app_name"
25-->src/main/AndroidManifest.xml:16:9-41
26        android:roundIcon="@mipmap/ic_launcher_round"
26-->src/main/AndroidManifest.xml:18:9-54
27        android:supportsRtl="true"
27-->src/main/AndroidManifest.xml:17:9-35
28        android:theme="@style/Theme.LiveWallpapers4K"
28-->src/main/AndroidManifest.xml:20:9-54
29        android:usesCleartextTraffic="true" >
29-->src/main/AndroidManifest.xml:19:9-44
30        <activity
30-->src/main/AndroidManifest.xml:23:9-25:51
31            android:name="com.livewallk.livewallpapersfork.ForK_MainActivity"
31-->src/main/AndroidManifest.xml:23:19-52
32            android:launchMode="singleTask"
32-->src/main/AndroidManifest.xml:24:13-44
33            android:screenOrientation="portrait" />
33-->src/main/AndroidManifest.xml:25:13-49
34        <activity
34-->src/main/AndroidManifest.xml:27:9-37:20
35            android:name="com.livewallk.livewallpapersfork.ForK_SplashActivity"
35-->src/main/AndroidManifest.xml:28:13-48
36            android:exported="true"
36-->src/main/AndroidManifest.xml:31:13-36
37            android:screenOrientation="portrait"
37-->src/main/AndroidManifest.xml:30:13-49
38            android:theme="@style/AppForKSplashTheme" >
38-->src/main/AndroidManifest.xml:29:13-54
39            <intent-filter>
39-->src/main/AndroidManifest.xml:32:13-36:29
40                <action android:name="android.intent.action.MAIN" />
40-->src/main/AndroidManifest.xml:33:17-69
40-->src/main/AndroidManifest.xml:33:25-66
41
42                <category android:name="android.intent.category.LAUNCHER" />
42-->src/main/AndroidManifest.xml:35:17-77
42-->src/main/AndroidManifest.xml:35:27-74
43            </intent-filter>
44        </activity>
45        <activity
45-->src/main/AndroidManifest.xml:40:9-41:51
46            android:name="com.livewallk.livewallpapersfork.ForK_WallpaperActivity"
46-->src/main/AndroidManifest.xml:40:19-57
47            android:screenOrientation="portrait" />
47-->src/main/AndroidManifest.xml:41:13-49
48
49        <provider
49-->[com.applovin:applovin-sdk:11.0.0] AndroidManifest.xml:18:9-23:39
50            android:name="com.applovin.sdk.AppLovinInitProvider"
50-->[com.applovin:applovin-sdk:11.0.0] AndroidManifest.xml:19:13-65
51            android:authorities="com.livewallk.livewallpapersfork.applovincontentprovider"
51-->[com.applovin:applovin-sdk:11.0.0] AndroidManifest.xml:20:13-75
52            android:exported="false"
52-->[com.applovin:applovin-sdk:11.0.0] AndroidManifest.xml:21:13-37
53            android:grantUriPermissions="true"
53-->[com.applovin:applovin-sdk:11.0.0] AndroidManifest.xml:22:13-47
54            android:initOrder="101" /> <!-- Init order is 101 so we're before Firebase/Google which uses 100 -->
54-->[com.applovin:applovin-sdk:11.0.0] AndroidManifest.xml:23:13-36
55        <activity
55-->[com.applovin:applovin-sdk:11.0.0] AndroidManifest.xml:25:9-31:50
56            android:name="com.applovin.adview.AppLovinFullscreenActivity"
56-->[com.applovin:applovin-sdk:11.0.0] AndroidManifest.xml:26:13-74
57            android:configChanges="keyboard|keyboardHidden|locale|orientation|screenLayout|screenSize|smallestScreenSize|uiMode"
57-->[com.applovin:applovin-sdk:11.0.0] AndroidManifest.xml:27:13-129
58            android:exported="false"
58-->[com.applovin:applovin-sdk:11.0.0] AndroidManifest.xml:28:13-37
59            android:hardwareAccelerated="true"
59-->[com.applovin:applovin-sdk:11.0.0] AndroidManifest.xml:29:13-47
60            android:launchMode="singleTop"
60-->[com.applovin:applovin-sdk:11.0.0] AndroidManifest.xml:30:13-43
61            android:screenOrientation="behind" />
61-->[com.applovin:applovin-sdk:11.0.0] AndroidManifest.xml:31:13-47
62        <activity
62-->[com.applovin:applovin-sdk:11.0.0] AndroidManifest.xml:32:9-34:84
63            android:name="com.applovin.sdk.AppLovinWebViewActivity"
63-->[com.applovin:applovin-sdk:11.0.0] AndroidManifest.xml:33:13-68
64            android:configChanges="keyboardHidden|orientation|screenSize|uiMode" />
64-->[com.applovin:applovin-sdk:11.0.0] AndroidManifest.xml:34:13-81
65        <activity
65-->[com.applovin:applovin-sdk:11.0.0] AndroidManifest.xml:35:9-38:87
66            android:name="com.applovin.mediation.MaxDebuggerActivity"
66-->[com.applovin:applovin-sdk:11.0.0] AndroidManifest.xml:36:13-70
67            android:configChanges="keyboardHidden|orientation|screenSize"
67-->[com.applovin:applovin-sdk:11.0.0] AndroidManifest.xml:37:13-74
68            android:theme="@style/com.applovin.mediation.MaxDebuggerActivity.Theme" />
68-->[com.applovin:applovin-sdk:11.0.0] AndroidManifest.xml:38:13-84
69        <activity
69-->[com.applovin:applovin-sdk:11.0.0] AndroidManifest.xml:39:9-42:87
70            android:name="com.applovin.mediation.MaxDebuggerDetailActivity"
70-->[com.applovin:applovin-sdk:11.0.0] AndroidManifest.xml:40:13-76
71            android:configChanges="keyboardHidden|orientation|screenSize"
71-->[com.applovin:applovin-sdk:11.0.0] AndroidManifest.xml:41:13-74
72            android:theme="@style/com.applovin.mediation.MaxDebuggerActivity.Theme" />
72-->[com.applovin:applovin-sdk:11.0.0] AndroidManifest.xml:42:13-84
73        <activity
73-->[com.applovin:applovin-sdk:11.0.0] AndroidManifest.xml:43:9-46:87
74            android:name="com.applovin.mediation.MaxDebuggerMultiAdActivity"
74-->[com.applovin:applovin-sdk:11.0.0] AndroidManifest.xml:44:13-77
75            android:configChanges="keyboardHidden|orientation|screenSize"
75-->[com.applovin:applovin-sdk:11.0.0] AndroidManifest.xml:45:13-74
76            android:theme="@style/com.applovin.mediation.MaxDebuggerActivity.Theme" />
76-->[com.applovin:applovin-sdk:11.0.0] AndroidManifest.xml:46:13-84
77        <activity
77-->[com.applovin:applovin-sdk:11.0.0] AndroidManifest.xml:47:9-50:87
78            android:name="com.applovin.mediation.MaxDebuggerAdUnitsListActivity"
78-->[com.applovin:applovin-sdk:11.0.0] AndroidManifest.xml:48:13-81
79            android:configChanges="keyboardHidden|orientation|screenSize"
79-->[com.applovin:applovin-sdk:11.0.0] AndroidManifest.xml:49:13-74
80            android:theme="@style/com.applovin.mediation.MaxDebuggerActivity.Theme" />
80-->[com.applovin:applovin-sdk:11.0.0] AndroidManifest.xml:50:13-84
81        <activity
81-->[com.applovin:applovin-sdk:11.0.0] AndroidManifest.xml:51:9-54:87
82            android:name="com.applovin.mediation.MaxDebuggerAdUnitDetailActivity"
82-->[com.applovin:applovin-sdk:11.0.0] AndroidManifest.xml:52:13-82
83            android:configChanges="keyboardHidden|orientation|screenSize"
83-->[com.applovin:applovin-sdk:11.0.0] AndroidManifest.xml:53:13-74
84            android:theme="@style/com.applovin.mediation.MaxDebuggerActivity.Theme" />
84-->[com.applovin:applovin-sdk:11.0.0] AndroidManifest.xml:54:13-84
85        <activity
85-->[com.applovin:applovin-sdk:11.0.0] AndroidManifest.xml:55:9-58:87
86            android:name="com.applovin.mediation.MaxDebuggerTestLiveNetworkActivity"
86-->[com.applovin:applovin-sdk:11.0.0] AndroidManifest.xml:56:13-85
87            android:configChanges="keyboardHidden|orientation|screenSize"
87-->[com.applovin:applovin-sdk:11.0.0] AndroidManifest.xml:57:13-74
88            android:theme="@style/com.applovin.mediation.MaxDebuggerActivity.Theme" />
88-->[com.applovin:applovin-sdk:11.0.0] AndroidManifest.xml:58:13-84
89
90        <service
90-->[com.applovin:applovin-sdk:11.0.0] AndroidManifest.xml:60:9-63:44
91            android:name="com.applovin.impl.sdk.utils.AppKilledService"
91-->[com.applovin:applovin-sdk:11.0.0] AndroidManifest.xml:61:13-72
92            android:exported="false"
92-->[com.applovin:applovin-sdk:11.0.0] AndroidManifest.xml:62:13-37
93            android:stopWithTask="false" />
93-->[com.applovin:applovin-sdk:11.0.0] AndroidManifest.xml:63:13-41
94        <service
94-->[com.applovin:applovin-sdk:11.0.0] AndroidManifest.xml:64:9-67:44
95            android:name="com.applovin.impl.adview.activity.FullscreenAdService"
95-->[com.applovin:applovin-sdk:11.0.0] AndroidManifest.xml:65:13-81
96            android:exported="false"
96-->[com.applovin:applovin-sdk:11.0.0] AndroidManifest.xml:66:13-37
97            android:stopWithTask="false" />
97-->[com.applovin:applovin-sdk:11.0.0] AndroidManifest.xml:67:13-41
98
99        <meta-data
99-->[com.google.android.gms:play-services-basement:17.0.0] AndroidManifest.xml:23:9-25:69
100            android:name="com.google.android.gms.version"
100-->[com.google.android.gms:play-services-basement:17.0.0] AndroidManifest.xml:24:13-58
101            android:value="@integer/google_play_services_version" />
101-->[com.google.android.gms:play-services-basement:17.0.0] AndroidManifest.xml:25:13-66
102
103        <provider
103-->[androidx.emoji2:emoji2:1.2.0] AndroidManifest.xml:24:9-32:20
104            android:name="androidx.startup.InitializationProvider"
104-->[androidx.emoji2:emoji2:1.2.0] AndroidManifest.xml:25:13-67
105            android:authorities="com.livewallk.livewallpapersfork.androidx-startup"
105-->[androidx.emoji2:emoji2:1.2.0] AndroidManifest.xml:26:13-68
106            android:exported="false" >
106-->[androidx.emoji2:emoji2:1.2.0] AndroidManifest.xml:27:13-37
107            <meta-data
107-->[androidx.emoji2:emoji2:1.2.0] AndroidManifest.xml:29:13-31:52
108                android:name="androidx.emoji2.text.EmojiCompatInitializer"
108-->[androidx.emoji2:emoji2:1.2.0] AndroidManifest.xml:30:17-75
109                android:value="androidx.startup" />
109-->[androidx.emoji2:emoji2:1.2.0] AndroidManifest.xml:31:17-49
110            <meta-data
110-->[androidx.lifecycle:lifecycle-process:2.4.1] AndroidManifest.xml:31:13-33:52
111                android:name="androidx.lifecycle.ProcessLifecycleInitializer"
111-->[androidx.lifecycle:lifecycle-process:2.4.1] AndroidManifest.xml:32:17-78
112                android:value="androidx.startup" />
112-->[androidx.lifecycle:lifecycle-process:2.4.1] AndroidManifest.xml:33:17-49
113        </provider>
114    </application>
115
116</manifest>